This file contains any messages produced by compilers while
running configure, to aid debugging if configure makes a mistake.

configure:600: checking host system type
configure:621: checking target system type
configure:639: checking build system type
configure:693: checking for a BSD compatible install
configure:746: checking whether build environment is sane
configure:784: checking whether make sets ${MAKE}
configure:830: checking for working aclocal
configure:843: checking for working autoconf
configure:856: checking for working automake
configure:869: checking for working autoheader
configure:882: checking for working makeinfo
configure:944: checking for a C-Compiler
configure:950: checking for gcc
configure:1056: checking whether the C compiler (gcc  ) works
configure:1072: gcc -o conftest    conftest.c  1>&5
configure:1098: checking whether the C compiler (gcc  ) is a cross-compiler
configure:1103: checking whether we are using GNU C
configure:1180: checking how to run the C preprocessor
configure:1242: checking for a C++-Compiler
configure:1248: checking for g++
configure:1364: checking whether the C++ compiler (g++ -D_REENTRANT -s) works
configure:1380: g++ -o conftest -D_REENTRANT  -s conftest.C  1>&5
configure:1406: checking whether the C++ compiler (g++ -D_REENTRANT -s) is a cross-compiler
configure:1411: checking whether we are using GNU C++
configure:1643: checking whether g++ supports -fexceptions
configure:1677: checking whether g++ supports -frtti
configure:1715: checking how to run the C++ preprocessor
configure:1814: checking whether g++ supports -frepo
configure:1954: checking for Cygwin environment
configure:1987: checking for mingw32 environment
configure:2050: checking for ld used by GCC
configure:2118: checking if the linker (/usr/bin/ld) is GNU ld
configure:2135: checking for /usr/bin/ld option to reload object files
configure:2147: checking for BSD-compatible nm
configure:2183: checking whether ln -s works
configure:2204: checking how to recognise dependant libraries
configure:2314: checking for object suffix
configure:2340: checking for executable suffix
configure:2520: checking for ranlib
configure:2587: checking for strip
ltconfig:563:checking for g++ option to produce PIC
ltconfig:693:checking that g++ PIC flag  -fPIC works.
ltconfig:754: checking if g++ static flag -static works
ltconfig:799: checking if g++ supports -c -o file.o
ltconfig:800: g++ -c -D_REENTRANT -o out/conftest2.o  conftest.c 1>&5
ltconfig:832: checking if g++ supports -c -o file.lo
ltconfig:833: g++ -c -D_REENTRANT -c -o conftest.lo  conftest.c 1>&5
ltconfig:884: checking if g++ supports -fno-rtti -fno-exceptions
ltconfig:885: g++ -c -D_REENTRANT -fno-rtti -fno-exceptions -c conftest.c  conftest.c 1>&5
ltconfig:1867: checking if global_symbol_pipe works
ltconfig:1868: g++ -c -D_REENTRANT  conftest.c 1>&5
ltconfig:1871: eval "/usr/bin/nm -B conftest.o | sed -n -e 's/^.*[ 	]\([ABCDGISTW]\)[ 	][ 	]*\(\)\([_A-Za-z][_A-Za-z0-9]*\)$/\1 \2\3 \3/p' > conftest.nm"
ltconfig:1923: g++ -o conftest -D_REENTRANT -fno-builtin -fno-rtti -fno-exceptions  -s conftest.c conftstm.o 1>&5
ltconfig:2269: checking for dlfcn.h
ltconfig:2307: checking whether a program can dlopen itself
configure:2875: checking for dlopen in -ldl
configure:2919: checking for shl_unload in -ldld
configure:2979: checking for extra includes
configure:3010: checking for extra libs
