make  all-recursive
make[1]: Entering directory `/home/jc/AOL/peng'
Making all in peng
make[2]: Entering directory `/home/jc/AOL/peng/peng'
g++ -DHAVE_CONFIG_H -I. -I. -I..     -D_REENTRANT -c threadELV3.cpp
g++ -DHAVE_CONFIG_H -I. -I. -I..     -D_REENTRANT -c nulldriver.cpp
g++ -DHAVE_CONFIG_H -I. -I. -I..     -D_REENTRANT -c modemdriver.cpp
g++ -DHAVE_CONFIG_H -I. -I. -I..     -D_REENTRANT -c kernel30.cpp
g++ -DHAVE_CONFIG_H -I. -I. -I..     -D_REENTRANT -c globals.cpp
g++ -DHAVE_CONFIG_H -I. -I. -I..     -D_REENTRANT -c cvjcompress.cpp
g++ -DHAVE_CONFIG_H -I. -I. -I..     -D_REENTRANT -c cusermanager.cpp
g++ -DHAVE_CONFIG_H -I. -I. -I..     -D_REENTRANT -c ctuntapdriver.cpp
g++ -DHAVE_CONFIG_H -I. -I. -I..     -D_REENTRANT -c ctextlinux.cpp
g++ -DHAVE_CONFIG_H -I. -I. -I..     -D_REENTRANT -c ctcpipheader.cpp
g++ -DHAVE_CONFIG_H -I. -I. -I..     -D_REENTRANT -c crouteurlinux.cpp
g++ -DHAVE_CONFIG_H -I. -I. -I..     -D_REENTRANT -c crouteur.cpp
g++ -DHAVE_CONFIG_H -I. -I. -I..     -D_REENTRANT -c cppptools.cpp
g++ -DHAVE_CONFIG_H -I. -I. -I..     -D_REENTRANT -c cppp.cpp
g++ -DHAVE_CONFIG_H -I. -I. -I..     -D_REENTRANT -c cparamconfig.cpp
g++ -DHAVE_CONFIG_H -I. -I. -I..     -D_REENTRANT -c cmsgerror.cpp
g++ -DHAVE_CONFIG_H -I. -I. -I..     -D_REENTRANT -c cloader.cpp
g++ -DHAVE_CONFIG_H -I. -I. -I..     -D_REENTRANT -c ckernel.cpp
g++ -DHAVE_CONFIG_H -I. -I. -I..     -D_REENTRANT -c ciptools.cpp
g++ -DHAVE_CONFIG_H -I. -I. -I..     -D_REENTRANT -c cgui.cpp
g++ -DHAVE_CONFIG_H -I. -I. -I..     -D_REENTRANT -c ccrypto.cpp
g++ -DHAVE_CONFIG_H -I. -I. -I..     -D_REENTRANT -c cconfig.cpp
g++ -DHAVE_CONFIG_H -I. -I. -I..     -D_REENTRANT -c ccommand.cpp
g++ -DHAVE_CONFIG_H -I. -I. -I..     -D_REENTRANT -c cclienttoaol30.cpp
g++ -DHAVE_CONFIG_H -I. -I. -I..     -D_REENTRANT -c caoltoclient30.cpp
g++ -DHAVE_CONFIG_H -I. -I. -I..     -D_REENTRANT -c caolheader30.cpp
g++ -DHAVE_CONFIG_H -I. -I. -I..     -D_REENTRANT -c caolcmd30.cpp
g++ -DHAVE_CONFIG_H -I. -I. -I..     -D_REENTRANT -c caim.cpp
g++ -DHAVE_CONFIG_H -I. -I. -I..     -D_REENTRANT -c CableDriver.cpp
g++ -DHAVE_CONFIG_H -I. -I. -I..     -D_REENTRANT -c main.cpp
/bin/sh ../libtool --mode=link g++  -D_REENTRANT -s -o peng   threadELV3.o nulldriver.o modemdriver.o kernel30.o globals.o cvjcompress.o cusermanager.o ctuntapdriver.o ctextlinux.o ctcpipheader.o crouteurlinux.o crouteur.o cppptools.o cppp.o cparamconfig.o cmsgerror.o cloader.o ckernel.o ciptools.o cgui.o ccrypto.o cconfig.o ccommand.o cclienttoaol30.o caoltoclient30.o caolheader30.o caolcmd30.o caim.o CableDriver.o main.o -lstdc++ -lpthread 
mkdir .libs
g++ -D_REENTRANT -s -o peng threadELV3.o nulldriver.o modemdriver.o kernel30.o globals.o cvjcompress.o cusermanager.o ctuntapdriver.o ctextlinux.o ctcpipheader.o crouteurlinux.o crouteur.o cppptools.o cppp.o cparamconfig.o cmsgerror.o cloader.o ckernel.o ciptools.o cgui.o ccrypto.o cconfig.o ccommand.o cclienttoaol30.o caoltoclient30.o caolheader30.o caolcmd30.o caim.o CableDriver.o main.o  -lstdc++ -lpthread
make[2]: Leaving directory `/home/jc/AOL/peng/peng'
make[2]: Entering directory `/home/jc/AOL/peng'
make[2]: Rien à faire pour `all-am'.
make[2]: Leaving directory `/home/jc/AOL/peng'
make[1]: Leaving directory `/home/jc/AOL/peng'
